Build started 4/3/2015 11:31:22 AM.
Project "C:\ntds\ntds2\ntds2\ntds2.vcxproj" on node 2 (Build target(s)).
ClCompile:
  C:\Program Files (x86)\Microsoft Visual Studio 12.0\VC\bin\CL.exe /c /ZI /nologo /W3 /WX- /Od /Oy- /D WIN32 /D _DEBUG /D _CONSOLE /D _LIB /D _MBCS /Gm /EHsc /RTC1 /MDd /GS /fp:precise /Zc:wchar_t /Zc:forScope /Fo"Debug\\" /Fd"Debug\vc120.pdb" /Gd /TC /analyze- /errorReport:prompt ntds2.c
  ntds2.c
c:\ntds\ntds2\ntds2\ntds2.c(97): warning C4047: 'function' : 'LPSTR' differs in levels of indirection from 'unsigned char (*)[16]'
c:\ntds\ntds2\ntds2\ntds2.c(97): warning C4024: 'RegQueryInfoKeyA' : different types for formal and actual parameter 2
c:\ntds\ntds2\ntds2\ntds2.c(101): warning C4013: 'strtoimax' undefined; assuming extern returning int
c:\ntds\ntds2\ntds2\ntds2.c(102): warning C4047: 'function' : 'char *' differs in levels of indirection from 'unsigned char (*)[17]'
c:\ntds\ntds2\ntds2\ntds2.c(102): warning C4024: 'strncpy' : different types for formal and actual parameter 1
c:\ntds\ntds2\ntds2\ntds2.c(102): warning C4133: 'function' : incompatible types - from 'int *' to 'const char *'
c:\ntds\ntds2\ntds2\ntds2.c(102): warning C4996: 'strncpy': This function or variable may be unsafe. Consider using strncpy_s instead. To disable deprecation, use _CRT_SECURE_NO_WARNINGS. See online help for details.
          c:\program files (x86)\microsoft visual studio 12.0\vc\include\string.h(195) : see declaration of 'strncpy'
c:\ntds\ntds2\ntds2\ntds2.c(109): warning C4047: 'function' : 'LPSTR' differs in levels of indirection from 'unsigned char (*)[16]'
c:\ntds\ntds2\ntds2\ntds2.c(109): warning C4024: 'RegQueryInfoKeyA' : different types for formal and actual parameter 2
c:\ntds\ntds2\ntds2\ntds2.c(114): warning C4047: 'function' : 'char *' differs in levels of indirection from 'unsigned char (*)[17]'
c:\ntds\ntds2\ntds2\ntds2.c(114): warning C4024: 'strncat' : different types for formal and actual parameter 1
c:\ntds\ntds2\ntds2\ntds2.c(114): warning C4133: 'function' : incompatible types - from 'int *' to 'const char *'
c:\ntds\ntds2\ntds2\ntds2.c(114): warning C4996: 'strncat': This function or variable may be unsafe. Consider using strncat_s instead. To disable deprecation, use _CRT_SECURE_NO_WARNINGS. See online help for details.
          c:\program files (x86)\microsoft visual studio 12.0\vc\include\string.h(186) : see declaration of 'strncat'
c:\ntds\ntds2\ntds2\ntds2.c(121): warning C4047: 'function' : 'LPSTR' differs in levels of indirection from 'unsigned char (*)[16]'
c:\ntds\ntds2\ntds2\ntds2.c(121): warning C4024: 'RegQueryInfoKeyA' : different types for formal and actual parameter 2
c:\ntds\ntds2\ntds2\ntds2.c(126): warning C4047: 'function' : 'char *' differs in levels of indirection from 'unsigned char (*)[17]'
c:\ntds\ntds2\ntds2\ntds2.c(126): warning C4024: 'strncat' : different types for formal and actual parameter 1
c:\ntds\ntds2\ntds2\ntds2.c(126): warning C4133: 'function' : incompatible types - from 'int *' to 'const char *'
c:\ntds\ntds2\ntds2\ntds2.c(126): warning C4996: 'strncat': This function or variable may be unsafe. Consider using strncat_s instead. To disable deprecation, use _CRT_SECURE_NO_WARNINGS. See online help for details.
          c:\program files (x86)\microsoft visual studio 12.0\vc\include\string.h(186) : see declaration of 'strncat'
c:\ntds\ntds2\ntds2\ntds2.c(133): warning C4047: 'function' : 'LPSTR' differs in levels of indirection from 'unsigned char (*)[16]'
c:\ntds\ntds2\ntds2\ntds2.c(133): warning C4024: 'RegQueryInfoKeyA' : different types for formal and actual parameter 2
c:\ntds\ntds2\ntds2\ntds2.c(138): warning C4047: 'function' : 'char *' differs in levels of indirection from 'unsigned char (*)[17]'
c:\ntds\ntds2\ntds2\ntds2.c(138): warning C4024: 'strncat' : different types for formal and actual parameter 1
c:\ntds\ntds2\ntds2\ntds2.c(138): warning C4133: 'function' : incompatible types - from 'int *' to 'const char *'
c:\ntds\ntds2\ntds2\ntds2.c(138): warning C4996: 'strncat': This function or variable may be unsafe. Consider using strncat_s instead. To disable deprecation, use _CRT_SECURE_NO_WARNINGS. See online help for details.
          c:\program files (x86)\microsoft visual studio 12.0\vc\include\string.h(186) : see declaration of 'strncat'
c:\ntds\ntds2\ntds2\ntds2.c(143): warning C4047: 'function' : 'char *' differs in levels of indirection from 'unsigned char **'
c:\ntds\ntds2\ntds2\ntds2.c(143): warning C4024: 'strncpy' : different types for formal and actual parameter 1
c:\ntds\ntds2\ntds2\ntds2.c(143): warning C4047: 'function' : 'const char *' differs in levels of indirection from 'unsigned char (*)[17]'
c:\ntds\ntds2\ntds2\ntds2.c(143): warning C4024: 'strncpy' : different types for formal and actual parameter 2
c:\ntds\ntds2\ntds2\ntds2.c(143): warning C4996: 'strncpy': This function or variable may be unsafe. Consider using strncpy_s instead. To disable deprecation, use _CRT_SECURE_NO_WARNINGS. See online help for details.
          c:\program files (x86)\microsoft visual studio 12.0\vc\include\string.h(195) : see declaration of 'strncpy'
c:\ntds\ntds2\ntds2\ntds2.c(161): warning C4047: 'function' : 'JET_API_PTR' differs in levels of indirection from 'void *'
c:\ntds\ntds2\ntds2\ntds2.c(161): warning C4024: 'JetSetSystemParameterA' : different types for formal and actual parameter 4
c:\ntds\ntds2\ntds2\ntds2.c(280): warning C4047: 'function' : 'JET_GRBIT' differs in levels of indirection from 'void *'
c:\ntds\ntds2\ntds2\ntds2.c(280): warning C4024: 'JetMove' : different types for formal and actual parameter 4
c:\ntds\ntds2\ntds2\ntds2.c(293): warning C4047: 'function' : 'JET_GRBIT' differs in levels of indirection from 'void *'
c:\ntds\ntds2\ntds2\ntds2.c(293): warning C4024: 'JetMove' : different types for formal and actual parameter 4
c:\ntds\ntds2\ntds2\ntds2.c(302): warning C4047: 'function' : 'JET_GRBIT' differs in levels of indirection from 'void *'
c:\ntds\ntds2\ntds2\ntds2.c(302): warning C4024: 'JetMove' : different types for formal and actual parameter 4
c:\ntds\ntds2\ntds2\ntds2.c(337): warning C4047: 'function' : 'unsigned long *' differs in levels of indirection from 'unsigned long'
c:\ntds\ntds2\ntds2\ntds2.c(337): warning C4024: 'JetRetrieveColumn' : different types for formal and actual parameter 6
c:\ntds\ntds2\ntds2\ntds2.c(340): warning C4047: 'function' : 'JET_GRBIT' differs in levels of indirection from 'void *'
c:\ntds\ntds2\ntds2\ntds2.c(340): warning C4024: 'JetMove' : different types for formal and actual parameter 4
c:\ntds\ntds2\ntds2\ntds2.c(365): warning C4047: 'function' : 'char *' differs in levels of indirection from 'char (*)[255]'
c:\ntds\ntds2\ntds2\ntds2.c(365): warning C4024: 'strcpy' : different types for formal and actual parameter 1
c:\ntds\ntds2\ntds2\ntds2.c(365): warning C4996: 'strcpy': This function or variable may be unsafe. Consider using strcpy_s instead. To disable deprecation, use _CRT_SECURE_NO_WARNINGS. See online help for details.
          c:\program files (x86)\microsoft visual studio 12.0\vc\include\string.h(112) : see declaration of 'strcpy'
c:\ntds\ntds2\ntds2\ntds2.c(378): warning C4047: 'function' : 'char *' differs in levels of indirection from 'char (*)[255]'
c:\ntds\ntds2\ntds2\ntds2.c(378): warning C4024: 'strcpy' : different types for formal and actual parameter 1
c:\ntds\ntds2\ntds2\ntds2.c(378): warning C4996: 'strcpy': This function or variable may be unsafe. Consider using strcpy_s instead. To disable deprecation, use _CRT_SECURE_NO_WARNINGS. See online help for details.
          c:\program files (x86)\microsoft visual studio 12.0\vc\include\string.h(112) : see declaration of 'strcpy'
c:\ntds\ntds2\ntds2\ntds2.c(382): warning C4047: 'function' : 'char *' differs in levels of indirection from 'char (*)[255]'
c:\ntds\ntds2\ntds2\ntds2.c(382): warning C4024: 'strcpy' : different types for formal and actual parameter 1
c:\ntds\ntds2\ntds2\ntds2.c(382): warning C4996: 'strcpy': This function or variable may be unsafe. Consider using strcpy_s instead. To disable deprecation, use _CRT_SECURE_NO_WARNINGS. See online help for details.
          c:\program files (x86)\microsoft visual studio 12.0\vc\include\string.h(112) : see declaration of 'strcpy'
c:\ntds\ntds2\ntds2\ntds2.c(395): warning C4047: 'function' : 'char *' differs in levels of indirection from 'char (*)[255]'
c:\ntds\ntds2\ntds2\ntds2.c(395): warning C4024: 'strcpy' : different types for formal and actual parameter 1
c:\ntds\ntds2\ntds2\ntds2.c(395): warning C4996: 'strcpy': This function or variable may be unsafe. Consider using strcpy_s instead. To disable deprecation, use _CRT_SECURE_NO_WARNINGS. See online help for details.
          c:\program files (x86)\microsoft visual studio 12.0\vc\include\string.h(112) : see declaration of 'strcpy'
c:\ntds\ntds2\ntds2\ntds2.c(399): warning C4047: 'function' : 'char *' differs in levels of indirection from 'char (*)[255]'
c:\ntds\ntds2\ntds2\ntds2.c(399): warning C4024: 'strcpy' : different types for formal and actual parameter 1
c:\ntds\ntds2\ntds2\ntds2.c(399): warning C4996: 'strcpy': This function or variable may be unsafe. Consider using strcpy_s instead. To disable deprecation, use _CRT_SECURE_NO_WARNINGS. See online help for details.
          c:\program files (x86)\microsoft visual studio 12.0\vc\include\string.h(112) : see declaration of 'strcpy'
c:\ntds\ntds2\ntds2\ntds2.c(435): warning C4047: 'function' : 'JET_GRBIT' differs in levels of indirection from 'void *'
c:\ntds\ntds2\ntds2\ntds2.c(435): warning C4024: 'JetMove' : different types for formal and actual parameter 4
c:\ntds\ntds2\ntds2\ntds2.c(329): warning C4101: 'lmHash' : unreferenced local variable
c:\ntds\ntds2\ntds2\ntds2.c(330): warning C4101: 'lmHistory' : unreferenced local variable
c:\ntds\ntds2\ntds2\ntds2.c(332): warning C4101: 'ntHash' : unreferenced local variable
c:\ntds\ntds2\ntds2\ntds2.c(333): warning C4101: 'ntHistory' : unreferenced local variable
c:\ntds\ntds2\ntds2\ntds2.c(460): warning C4047: 'function' : 'const BYTE *' differs in levels of indirection from 'unsigned char **'
c:\ntds\ntds2\ntds2\ntds2.c(460): warning C4024: 'CryptHashData' : different types for formal and actual parameter 2
c:\ntds\ntds2\ntds2\ntds2.c(466): warning C4047: 'function' : 'const BYTE *' differs in levels of indirection from 'unsigned char (*)[16]'
c:\ntds\ntds2\ntds2\ntds2.c(466): warning C4024: 'CryptHashData' : different types for formal and actual parameter 2
c:\ntds\ntds2\ntds2\ntds2.c(472): warning C4047: 'function' : 'BYTE *' differs in levels of indirection from 'unsigned char (*)[16]'
c:\ntds\ntds2\ntds2\ntds2.c(472): warning C4024: 'CryptGetHashParam' : different types for formal and actual parameter 3
c:\ntds\ntds2\ntds2\ntds2.c(483): warning C4047: 'function' : 'unsigned char **' differs in levels of indirection from 'unsigned char (*)[17]'
c:\ntds\ntds2\ntds2\ntds2.c(483): warning C4024: 'get_syskey' : different types for formal and actual parameter 1
c:\ntds\ntds2\ntds2\ntds2.c(504): warning C4996: '_tcsncat': This function or variable may be unsafe. Consider using _tcsncat_s instead. To disable deprecation, use _CRT_SECURE_NO_WARNINGS. See online help for details.
          c:\program files (x86)\microsoft visual studio 12.0\vc\include\tchar.h(1553) : see declaration of '_tcsncat'
c:\ntds\ntds2\ntds2\ntds2.c(545): warning C4047: 'function' : 'unsigned char **' differs in levels of indirection from 'unsigned char (*)[76]'
c:\ntds\ntds2\ntds2\ntds2.c(545): warning C4024: 'get_PEK' : different types for formal and actual parameter 3
c:\ntds\ntds2\ntds2\ntds2.c(555): warning C4047: 'function' : 'unsigned char **' differs in levels of indirection from 'unsigned char (*)[17]'
c:\ntds\ntds2\ntds2\ntds2.c(555): warning C4024: 'decrypt_PEK' : different types for formal and actual parameter 1
c:\ntds\ntds2\ntds2\ntds2.c(441): warning C4715: 'read_table' : not all control paths return a value
Link:
  C:\Program Files (x86)\Microsoft Visual Studio 12.0\VC\bin\link.exe /ERRORREPORT:PROMPT /OUT:"C:\ntds\ntds2\Debug\ntds2.exe" /INCREMENTAL /NOLOGO /LIBPATH:"C:\Program Files (x86)\Microsoft SDKs\Windows\v7.1A\Lib" kernel32.lib user32.lib gdi32.lib winspool.lib comdlg32.lib advapi32.lib shell32.lib ole32.lib oleaut32.lib uuid.lib odbc32.lib odbccp32.lib /MANIFEST /MANIFESTUAC:"level='asInvoker' uiAccess='false'" /manifest:embed /DEBUG /PDB:"C:\ntds\ntds2\Debug\ntds2.pdb" /SUBSYSTEM:CONSOLE /TLBID:1 /DYNAMICBASE /NXCOMPAT /IMPLIB:"C:\ntds\ntds2\Debug\ntds2.lib" /MACHINE:X86 Debug\ntds2.obj
  Debug\stdafx.obj
  ntds2.vcxproj -> C:\ntds\ntds2\Debug\ntds2.exe
Done Building Project "C:\ntds\ntds2\ntds2\ntds2.vcxproj" (Build target(s)).

Build succeeded.

Time Elapsed 00:00:01.25
