c:\ntds\ntds2\ntds2\debug\vc120.pdb
c:\ntds\ntds2\ntds2\debug\vc120.idb
c:\ntds\ntds2\ntds2\debug\ntds2.obj
c:\ntds\ntds2\ntds2\debug\stdafx.obj
c:\ntds\ntds2\debug\ntds2.pdb
c:\ntds\ntds2\ntds2\debug\ntds2.tlog\cl.command.1.tlog
c:\ntds\ntds2\ntds2\debug\ntds2.tlog\cl.read.1.tlog
c:\ntds\ntds2\ntds2\debug\ntds2.tlog\cl.write.1.tlog
c:\ntds\ntds2\ntds2\debug\ntds2.tlog\link-cvtres.read.1.tlog
c:\ntds\ntds2\ntds2\debug\ntds2.tlog\link-cvtres.write.1.tlog
c:\ntds\ntds2\ntds2\debug\ntds2.tlog\link-rc.read.1.tlog
c:\ntds\ntds2\ntds2\debug\ntds2.tlog\link-rc.write.1.tlog
c:\ntds\ntds2\ntds2\debug\ntds2.tlog\link.3612-cvtres.read.1.tlog
c:\ntds\ntds2\ntds2\debug\ntds2.tlog\link.3612-cvtres.write.1.tlog
c:\ntds\ntds2\ntds2\debug\ntds2.tlog\link.3612-rc.read.1.tlog
c:\ntds\ntds2\ntds2\debug\ntds2.tlog\link.3612-rc.write.1.tlog
c:\ntds\ntds2\ntds2\debug\ntds2.tlog\link.3612.read.1.tlog
c:\ntds\ntds2\ntds2\debug\ntds2.tlog\link.3612.write.1.tlog
c:\ntds\ntds2\ntds2\debug\ntds2.tlog\link.command.1.tlog
c:\ntds\ntds2\ntds2\debug\ntds2.tlog\link.read.1.tlog
c:\ntds\ntds2\ntds2\debug\ntds2.tlog\link.write.1.tlog
